https://donate.wikimedia.org/?wmf_source=donate&wmf_medium=sidebar&wmf_campaign=en.wikipedia.org&uselang=en
https://donate.wikimedia.org/?wmf_source=donate&wmf_medium=sidebar&wmf_campaign=en.wikipedia.org&uselang=en
https://ar.wikipedia.org/wiki/%D8%A7%D9%84%D8%AE%D8%B7_%D8%A7%D9%84%D8%B2%D9%85%D9%86%D9%8A_%D9%84%D9%84%D8%AD%D9%88%D8%B3%D8%A8%D8%A9_%D8%A7%D9%84%D9%83%D9%85%D9%88%D9%85%D9%8A%D8%A9_%D9%88%D8%A7%D9%84%D8%A7%D8%AA%D8%B5%D8%A7%D9%84%D8%A7%D8%AA_%D8%A7%D9%84%D9%83%D9%85%D9%88%D9%85%D9%8A%D8%A9
https://az.wikipedia.org/wiki/Kvant_hesablamalar%C4%B1n%C4%B1n_xronologiyas%C4%B1
https://fa.wikipedia.org/wiki/%DA%AF%D8%A7%D9%87%E2%80%8C%D8%B4%D9%85%D8%A7%D8%B1_%D8%B1%D8%A7%DB%8C%D8%A7%D9%86%D8%B4_%DA%A9%D9%88%D8%A7%D9%86%D8%AA%D9%88%D9%85%DB%8C
https://ru.wikipedia.org/wiki/%D0%A5%D1%80%D0%BE%D0%BD%D0%BE%D0%BB%D0%BE%D0%B3%D0%B8%D1%8F_%D0%BA%D0%B2%D0%B0%D0%BD%D1%82%D0%BE%D0%B2%D1%8B%D1%85_%D0%B2%D1%8B%D1%87%D0%B8%D1%81%D0%BB%D0%B5%D0%BD%D0%B8%D0%B9
https://fi.wikipedia.org/wiki/Kvanttietokoneiden_aikajana
https://uk.wikipedia.org/wiki/%D0%A5%D1%80%D0%BE%D0%BD%D0%BE%D0%BB%D0%BE%D0%B3%D1%96%D1%8F_%D0%BA%D0%B2%D0%B0%D0%BD%D1%82%D0%BE%D0%B2%D0%B8%D1%85_%D0%BE%D0%B1%D1%87%D0%B8%D1%81%D0%BB%D0%B5%D0%BD%D1%8C
https://www.wikidata.org/wiki/Special:EntityPage/Q4302108#sitelinks-wikipedia
https://www.wikidata.org/wiki/Special:EntityPage/Q4302108
https://link.springer.com/article/10.1007/BF00191318
https://doi.org/10.1007%2Fs11047-014-9464-3
https://doi.org/10.1145%2F1008908.1008920
https://doi.org/10.1145%2F1008908.1008920
http://users.cms.caltech.edu/~vidick/teaching/120_qcrypto/wiesner.pdf
https://quantum.columbia.edu/quantum-history-columbia
https://www.itsoc.org/sites/default/files/2021-03/NITS_Mar2021_web.pdf
https://ui.adsabs.harvard.edu/abs/1970FoPh....1...23P
https://citeseerx.ist.psu.edu/viewdoc/summary?doi=10.1.1.623.5267
https://doi.org/10.1007%2FBF00708652
https://api.semanticscholar.org/CorpusID:55890485
https://quantum-thermodynamics.unibs.it/Park-FoundPhys-1-23-1970.pdf
https://books.google.com/books?id=yzHaEAAAQBAJ&dq=no-cloning+theorem&pg=PA721
https://books.google.com/books?id=yzHaEAAAQBAJ
https://archive.today/20250220011538/https://physics.wsu.edu/in-memorium-jim-park/
https://physics.wsu.edu/in-memorium-jim-park/
https://d1wqtxts1xzle7.cloudfront.net/73812435/0908-libre.pdf?1635513312=&response-content-disposition=inline%3B+filename%3DQuantum_picturalism.pdf&Expires=1740021018&Signature=cd5-IUvg6mr8XSUEIQyazW7vzfJ1hLaV-SrxnWM~t7GoZtoKwCPsi1cPG2tW6nGcOitj7112oMboPkDB-L9Aco3AjJs-dNOdjmgiHGis6deVOhHXlvKJMx23ocmTLNc1haMZl28Fzi9Az-eAhmU9~NZHXtp~9klR4F46p941Xwinmt~76NLSJLQ2Ow5AeKPMG1bznYqPuuLdsCV8n7OJ51qEWjhC2qMM7puodHTHGnOKrJ~E3gimwcwGidoZDJAxvZN4~Jp1YQ-m9SOjiUHGFNpmDT9agxS9QHkGXcxfDiWKVnz7qzRMFl84Bx5I1dKckoXxrd5fLuXW5dcj0dKdNQ__&Key-Pair-Id=APKAJLOHF5GGSLRBV4ZA
https://arxiv.org/abs/0908.1787v1
https://ui.adsabs.harvard.edu/abs/2010ConPh..51...59C
https://doi.org/10.1080%2F00107510903257624
https://ijeert.ijrsset.org/pdf/v3-i6/7.pdf
https://search.worldcat.org/issn/2349-4409
https://arxiv.org/abs/1707.06910
https://ui.adsabs.harvard.edu/abs/2018AmJPh..86..201O
https://doi.org/10.1119%2F1.5021356
https://doi.org/10.1063%2FPT.3.5003
https://doi.org/10.1063%2FPT.3.5003
https://search.worldcat.org/issn/1945-0699
https://ui.adsabs.harvard.edu/abs/1982Natur.299..802W
https://doi.org/10.1038%2F299802a0
https://hal.science/hal-04596335/
https://www.researchgate.net/publication/367529534
https://plato.stanford.edu/archives/spr2024/entries/qt-quantcomp/
https://search.worldcat.org/issn/1095-5054
https://www.mathnet.ru/php/archive.phtml?wshow=paper&jrnid=ppi&paperid=903&option_lang=eng
https://dspace.mit.edu/bitstream/handle/1721.1/69151/Giovannetti-2012-Achieving%20the%20Holevo%20bound%20via%20sequential%20measurements.pdf?sequence=2
https://arxiv.org/abs/1012.0386
https://ui.adsabs.harvard.edu/abs/2012PhRvA..85a2302G
https://doi.org/10.1103%2FPhysRevA.85.012302
https://www.math.ucsd.edu/~sbuss/CourseWeb/Math268_2013W/Bennett_Reversibiity.pdf
https://ui.adsabs.harvard.edu/abs/1973IBMJ...17..525B
https://doi.org/10.1147%2Frd.176.0525
https://doi.org/10.3367%2FUFNr.0115.197503d.0465
https://doi.org/10.3367%2FUFNr.0115.197503d.0465
https://ui.adsabs.harvard.edu/abs/1980JSP....22..563B
https://doi.org/10.1007%2Fbf01011339
https://api.semanticscholar.org/CorpusID:122949592
https://web.archive.org/web/20130510173823/http://publ.lib.ru/ARCHIVES/M/MANIN_Yuriy_Ivanovich/Manin_Yu.I._Vychislimoe_i_nevychislimoe.%281980%29.%5Bdjv%5D.zip
http://publ.lib.ru/ARCHIVES/M/MANIN_Yuriy_Ivanovich/Manin_Yu.I._Vychislimoe_i_nevychislimoe.(1980).%5Bdjv%5D.zip
https://web.archive.org/web/20100415041123/http://pm1.bu.edu/~tt/publ/revcomp-rep.pdf
https://doi.org/10.1007%2F3-540-10003-2_104
http://pm1.bu.edu/~tt/publ/revcomp-rep.pdf
https://www.technologyreview.com/2021/04/27/1021714/tomorrows-computer-yesterday/
https://ui.adsabs.harvard.edu/abs/1982IJTP...21..177B
https://doi.org/10.1007%2FBF01857725
https://search.worldcat.org/issn/1572-9575
https://api.semanticscholar.org/CorpusID:122151269
https://web.archive.org/web/20190830190404/https://people.eecs.berkeley.edu/~christos/classics/Feynman.pdf
https://people.eecs.berkeley.edu/~christos/classics/Feynman.pdf
https://s2.smu.edu/~mitch/class/5395/papers/feynman-quantum-1981.pdf
https://ui.adsabs.harvard.edu/abs/1982IJTP...21..467F
https://doi.org/10.1007%2FBF02650179
https://archive.today/20250310000355/https://qarlab.de/en/history-of-quantum-computing/
https://qarlab.de/en/history-of-quantum-computing/
https://books.google.com/books?id=lAmrCAAAQBAJ&q=Quantum+Computing+Front+Cover+Mika+Hirvensalo
https://ui.adsabs.harvard.edu/abs/1982JSP....29..515B
https://doi.org/10.1007%2FBF01342185
https://api.semanticscholar.org/CorpusID:14956017
https://ui.adsabs.harvard.edu/abs/1982Natur.299..802W
https://doi.org/10.1038%2F299802a0
https://api.semanticscholar.org/CorpusID:4339227
https://ui.adsabs.harvard.edu/abs/1982PhLA...92..271D
https://citeseerx.ist.psu.edu/viewdoc/summary?doi=10.1.1.654.7183
https://doi.org/10.1016%2F0375-9601%2882%2990084-6
https://doi.org/10.1016%2Fj.tcs.2014.05.025
https://arxiv.org/abs/2003.06557
https://ui.adsabs.harvard.edu/abs/2014TComS.560....7B
https://doi.org/10.1016%2Fj.tcs.2014.05.025
https://ui.adsabs.harvard.edu/abs/1985PhRvA..32.3266P
https://doi.org/10.1103%2FPhysRevA.32.3266
https://pubmed.ncbi.nlm.nih.gov/9896493
https://physics.aps.org/articles/v18/170
https://doi.org/10.1103%2FPhysRevLett.53.1260
https://opg.optica.org/abstract.cfm?uri=IQEC-1988-TuI4
https://link.aps.org/doi/10.1103/PhysRevLett.62.2124
https://ui.adsabs.harvard.edu/abs/1989PhRvL..62.2124M
https://doi.org/10.1103%2FPhysRevLett.62.2124
https://pubmed.ncbi.nlm.nih.gov/10039862
https://ui.adsabs.harvard.edu/abs/1989PhRvB..3911828R
https://doi.org/10.1103%2FPhysRevB.39.11828
https://pubmed.ncbi.nlm.nih.gov/9948016
https://arxiv.org/abs/0801.2193
https://ui.adsabs.harvard.edu/abs/2008RvMP...80.1061D
https://citeseerx.ist.psu.edu/viewdoc/summary?doi=10.1.1.563.9990
https://doi.org/10.1103%2FRevModPhys.80.1061
https://api.semanticscholar.org/CorpusID:14255125
https://ui.adsabs.harvard.edu/abs/1991PhRvL..67..661E
https://doi.org/10.1103%2FPhysRevLett.67.661
https://pubmed.ncbi.nlm.nih.gov/10044956
https://api.semanticscholar.org/CorpusID:27683254
https://link.aps.org/doi/10.1103/PhysRevLett.68.2007
https://ui.adsabs.harvard.edu/abs/1992PhRvL..68.2007W
https://doi.org/10.1103%2FPhysRevLett.68.2007
https://pubmed.ncbi.nlm.nih.gov/10045280
https://doi.org/10.1038%2F357310a0
https://link.aps.org/doi/10.1103/PhysRevA.45.6493
https://ui.adsabs.harvard.edu/abs/1992PhRvA..45.6493R
https://doi.org/10.1103%2FPhysRevA.45.6493
https://pubmed.ncbi.nlm.nih.gov/9907772
https://arxiv.org/abs/quant-ph/9505011
https://ui.adsabs.harvard.edu/abs/1995PhRvA..52.3489C
https://doi.org/10.1103%2FPhysRevA.52.3489
https://pubmed.ncbi.nlm.nih.gov/9912648
https://link.aps.org/doi/10.1103/PhysRevLett.74.4091
https://ui.adsabs.harvard.edu/abs/1995PhRvL..74.4091C
https://doi.org/10.1103%2FPhysRevLett.74.4091
https://search.worldcat.org/issn/0031-9007
https://pubmed.ncbi.nlm.nih.gov/10058410
https://ui.adsabs.harvard.edu/abs/1995PhRvA..52.2493S
https://doi.org/10.1103%2FPhysRevA.52.R2493
https://pubmed.ncbi.nlm.nih.gov/9912632
http://tf.nist.gov/general/pdf/140.pdf
https://ui.adsabs.harvard.edu/abs/1995PhRvL..75.4714M
https://doi.org/10.1103%2FPhysRevLett.75.4714
https://pubmed.ncbi.nlm.nih.gov/10059979
https://ui.adsabs.harvard.edu/abs/1995AdIEP..94..259K
https://doi.org/10.1016%2FS1076-5670%2808%2970147-2
https://citeseerx.ist.psu.edu/document?repid=rep1&type=pdf&doi=a4051e9f560742b9d28afb78da4622141ec4db89
https://web.archive.org/web/20060519062515/http://www.citebase.org/cgi-bin/citations?id=oai:arXiv.org:quant-ph/9601029
https://arxiv.org/abs/quant-ph/9601029
https://ui.adsabs.harvard.edu/abs/1996RSPSA.452.2551S
https://doi.org/10.1098%2Frspa.1996.0136
https://api.semanticscholar.org/CorpusID:8246615
http://www.citebase.org/cgi-bin/citations?id=oai:arXiv.org:quant-ph/9601029
https://arxiv.org/abs/cond-mat/9612126
https://ui.adsabs.harvard.edu/abs/1996cond.mat.12126D
https://www.science.org/doi/10.1126/science.273.5278.1073
https://ui.adsabs.harvard.edu/abs/1996Sci...273.1073L
https://doi.org/10.1126%2Fscience.273.5278.1073
https://pubmed.ncbi.nlm.nih.gov/8688088
https://arxiv.org/abs/quant-ph/9707021
https://ui.adsabs.harvard.edu/abs/2003AnPhy.303....2K
https://doi.org/10.1016%2FS0003-4916%2802%2900018-0
https://api.semanticscholar.org/CorpusID:119087885
https://arxiv.org/abs/cond-mat/9701055
https://ui.adsabs.harvard.edu/abs/1998PhRvA..57..120L
https://doi.org/10.1103%2FPhysRevA.57.120
https://search.worldcat.org/issn/1050-2947
https://api.semanticscholar.org/CorpusID:13152124
https://ui.adsabs.harvard.edu/abs/1998PhRvL..80.3408C
https://doi.org/10.1103%2FPhysRevLett.80.3408
https://api.semanticscholar.org/CorpusID:13891055
https://ui.adsabs.harvard.edu/abs/1998Natur.393..133K
https://doi.org/10.1038%2F30156
https://search.worldcat.org/issn/0028-0836
https://api.semanticscholar.org/CorpusID:8470520
https://link.aps.org/doi/10.1103/PhysRevLett.80.3408
https://ui.adsabs.harvard.edu/abs/1998PhRvL..80.3408C
https://doi.org/10.1103%2FPhysRevLett.80.3408
https://www.titech.ac.jp/english/public-relations/research/stories/faces13-nishimori
https://arxiv.org/abs/quant-ph/9807006v1
https://ui.adsabs.harvard.edu/abs/1998quant.ph..7006G
https://arxiv.org/abs/quant-ph/9811018
https://ui.adsabs.harvard.edu/abs/1999PhRvL..83.1054B
https://doi.org/10.1103%2FPhysRevLett.83.1054
https://api.semanticscholar.org/CorpusID:14429986
https://www.nature.com/articles/19718
https://arxiv.org/abs/cond-mat/9904003
https://ui.adsabs.harvard.edu/abs/1999Natur.398..786N
https://doi.org/10.1038%2F19718
https://search.worldcat.org/issn/1476-4687
https://api.semanticscholar.org/CorpusID:4392755
https://arxiv.org/abs/quant-ph/9906008
https://ui.adsabs.harvard.edu/abs/2001PhRvL..87d7901L
https://doi.org/10.1103%2FPhysRevLett.87.047901
https://pubmed.ncbi.nlm.nih.gov/11461646
https://api.semanticscholar.org/CorpusID:10533287
https://ui.adsabs.harvard.edu/abs/2001PhRvL..86.5188R
https://citeseerx.ist.psu.edu/viewdoc/summary?doi=10.1.1.252.5345
https://doi.org/10.1103%2FPhysRevLett.86.5188
https://pubmed.ncbi.nlm.nih.gov/11384453
https://web.archive.org/web/20190507063322/https://uwaterloo.ca/institute-for-quantum-computing/about/quick-facts
https://uwaterloo.ca/institute-for-quantum-computing/about/quick-facts
https://link.aps.org/doi/10.1103/PhysRevLett.89.097903
https://arxiv.org/abs/quant-ph/0110140
https://ui.adsabs.harvard.edu/abs/2002PhRvL..89i7903D
https://doi.org/10.1103%2FPhysRevLett.89.097903
https://pubmed.ncbi.nlm.nih.gov/12190441
https://ui.adsabs.harvard.edu/abs/2003Natur.421...48G
https://doi.org/10.1038%2Fnature01336
https://pubmed.ncbi.nlm.nih.gov/12511949
https://api.semanticscholar.org/CorpusID:4401708
https://arxiv.org/abs/quant-ph/0303095
https://ui.adsabs.harvard.edu/abs/2003PhRvA..68c2316P
https://doi.org/10.1103%2Fphysreva.68.032316
https://api.semanticscholar.org/CorpusID:119476903
https://arxiv.org/abs/quant-ph/0403062
https://ui.adsabs.harvard.edu/abs/2003Natur.426..264O
https://doi.org/10.1038%2Fnature02054
https://pubmed.ncbi.nlm.nih.gov/14628045
https://api.semanticscholar.org/CorpusID:9883628
https://ui.adsabs.harvard.edu/abs/2003Natur.422..408S
https://doi.org/10.1038%2Fnature01494
https://pubmed.ncbi.nlm.nih.gov/12660777
https://api.semanticscholar.org/CorpusID:4401898
https://ui.adsabs.harvard.edu/abs/2004Natur.429..734R
https://doi.org/10.1038%2Fnature02570
https://pubmed.ncbi.nlm.nih.gov/15201903
https://api.semanticscholar.org/CorpusID:4397716
https://arxiv.org/abs/quant-ph/0402096
https://ui.adsabs.harvard.edu/abs/2004Natur.430...54Z
https://doi.org/10.1038%2Fnature02643
https://pubmed.ncbi.nlm.nih.gov/15229594
https://api.semanticscholar.org/CorpusID:4336020
https://physicsworld.com/a/breakthrough-for-quantum-measurement/
https://arxiv.org/abs/quant-ph/0603217
https://ui.adsabs.harvard.edu/abs/2005Natur.438..643H
https://doi.org/10.1038%2Fnature04279
https://pubmed.ncbi.nlm.nih.gov/16319886
https://api.semanticscholar.org/CorpusID:4411480
https://web.archive.org/web/20180830005255/http://www.admin.ox.ac.uk/po/news/2005-06/jan/04a.shtml
http://www.admin.ox.ac.uk/po/news/2005-06/jan/04a.shtml
https://doi.org/10.1038%2F439919a
https://ui.adsabs.harvard.edu/abs/2006Natur.439..919D
https://doi.org/10.1038%2F439919a
https://pubmed.ncbi.nlm.nih.gov/16495978
https://api.semanticscholar.org/CorpusID:4327844
https://web.archive.org/web/20071019032222/http://physicsworld.com/cws/article/news/24285
http://physicsworld.com/cws/article/news/24285
https://web.archive.org/web/20070207105035/http://www.york.ac.uk/admin/presspr/pressreleases/kirkclone.htm
http://www.york.ac.uk/admin/presspr/pressreleases/kirkclone.htm
http://www.softmachines.org/wordpress/
http://www.newscientisttech.com/article/dn9301-errorcheck-breakthrough-in-quantum-computing.html
https://www.sciencedaily.com/releases/2006/05/060508164700.htm
http://www.newscientisttech.com/article/dn9502-flat-ion-trap-holds-quantum-computing-promise.html
https://web.archive.org/web/20071215041757/http://www.physorg.com/news71935118.html
http://www.physorg.com/news71935118.html
https://web.archive.org/web/20061122102719/http://www.newscientisttech.com/article.ns?id=dn9768
http://www.newscientisttech.com/article.ns?id=dn9768
http://www.newswiretoday.com/news/7723/
https://web.archive.org/web/20080117223659/http://www.physorg.com/news76863086.html
http://www.physorg.com/news76863086.html
http://www.newscientisttech.com/article/dn10226-spooky-steps-to-a-quantum-network.html
https://doi.org/10.1016%2Fs0262-4079%2806%2960639-8
https://web.archive.org/web/20071013014512/http://physorg.com/news80896839.html
http://physorg.com/news80896839.html
http://news.illinois.edu/news/06/1102quantum.html
https://web.archive.org/web/20070929120422/http://physorg.com/news83163617.html
http://physorg.com/news83163617.html
http://www.newscientisttech.com/article/dn10911-nanoscopic-coaxial-cable-transmits-light.html
https://web.archive.org/web/20070304090639/http://www.e4engineering.com/Articles/298360/Toshiba+unveils+quantum+security.htm
http://www.e4engineering.com/Articles/298360/Toshiba+unveils+quantum+security.htm
https://arxiv.org/abs/quant-ph/0609130
https://ui.adsabs.harvard.edu/abs/2007NatPh...3...91L
https://doi.org/10.1038%2Fnphys507
https://api.semanticscholar.org/CorpusID:16319327
https://arxiv.org/abs/0704.1263
https://doi.org/10.1145%2F1219092.1219096
https://api.semanticscholar.org/CorpusID:5851623
https://web.archive.org/web/20080117224207/http://www.physorg.com/news96107220.html
http://www.physorg.com/news96107220.html
https://www.newscientist.com/article.ns?id=mg19325954.200&feedId=fundamentals_rss20
http://www.mpg.de/english/illustrationsDocumentation/documentation/pressReleases/2007/pressRelease200703091/index.html
https://archive.today/20120515222358/http://www.electronicsweekly.com/Articles/2007/04/19/41206/Cambridge+team+closer+to+working+quantum+computer.htm
http://www.electronicsweekly.com/Articles/2007/04/19/41206/Cambridge+team+closer+to+working+quantum+computer.htm
https://web.archive.org/web/20080706171401/http://www.wired.com/science/discoveries/news/2007/05/quantumcoupling
https://www.wired.com/science/discoveries/news/2007/05/quantumcoupling
http://media-newswire.com/release_1049194.html
http://www.sciam.com/article.cfm?articleId=959FBD96-E7F2-99DF-341F959A7DA2A292&chanId=sa013&modsrc=most_popular
https://web.archive.org/web/20080307093926/http://www.physorg.com/news99050442.html
http://www.physorg.com/news99050442.html
https://ui.adsabs.harvard.edu/abs/2007Sci...316.....D
https://doi.org/10.1126%2Fscience.1139831
https://pubmed.ncbi.nlm.nih.gov/17540898
https://api.semanticscholar.org/CorpusID:20697722
https://ui.adsabs.harvard.edu/abs/2007Natur.447..836P
https://doi.org/10.1038%2Fnature05896
https://pubmed.ncbi.nlm.nih.gov/17568742
https://api.semanticscholar.org/CorpusID:3054763
http://www.newscientisttech.com/article/dn12082-atom-trap-is-a-step-towards-a-quantum-computer-.html
https://www.nanowerk.com/
https://www.sciencedaily.com/releases/2007/07/070726142010.htm
https://web.archive.org/web/20070926220146/http://www.physorg.com/news104418332.html
http://www.physorg.com/news104418332.html
https://web.archive.org/web/20071218224341/http://www.nist.gov/public_affairs/releases/quantum_gate.html
https://www.nist.gov/public_affairs/releases/quantum_gate.html
https://web.archive.org/web/20080102004025/http://www.physorg.com/news106395871.html
http://www.physorg.com/news106395871.html
http://www.electronicsweekly.com/Articles/2007/08/15/41988/research-points-way-to-qubits-on-standard-chips.htm
https://www.sciencedaily.com/releases/2007/08/070816143801.htm
https://www.newscientist.com/article/dn12516-blueprints-drawn-up-for-quantum-computer-ram.html
https://web.archive.org/web/20080101165713/http://physorg.com/news107357370.html
http://physorg.com/news107357370.html
https://web.archive.org/web/20071228220630/http://www.ns.umich.edu/htdocs/releases/story.php?id=6016
http://www.ns.umich.edu/htdocs/releases/story.php?id=6016
http://www.huliq.com/34160/qubits-poised-to-reveal-our-secrets
https://www.newscientist.com/article/dn12696-quantum-chip-rides-on-superconducting-bus.html
https://www.sciencedaily.com/releases/2007/09/070926172232.htm
https://web.archive.org/web/20071012144831/http://www.electronicsweekly.com/Articles/2007/10/11/42346/qubit+transmission+signals+quantum+computing+advance.htm
http://www.electronicsweekly.com/Articles/2007/10/11/42346/qubit+transmission+signals+quantum+computing+advance.htm
https://web.archive.org/web/20071212162540/http://www.tgdaily.com/content/view/34244/113/
http://www.tgdaily.com/content/view/34244/113/
http://optics.org/cws/article/journals/31503
https://www.newscientist.com/channel/fundamentals/quantum-world/dn12887-light-trap-is-a-step-towards-quantum-memory-.html
https://web.archive.org/web/20180830041346/https://www.nanowerk.com/news/newsid=3274.php
http://www.nanowerk.com/news/newsid=3274.php
https://web.archive.org/web/20071215075835/http://www.physorg.com/news116696579.html
http://www.physorg.com/news116696579.html
https://web.archive.org/web/20071228170511/http://www.news.utoronto.ca/bin6/071219-3563.asp
http://www.news.utoronto.ca/bin6/071219-3563.asp
https://arxiv.org/abs/cond-mat/0611252
https://ui.adsabs.harvard.edu/abs/2007NatPh...3..192T
https://doi.org/10.1038%2Fnphys544
https://api.semanticscholar.org/CorpusID:119431314
https://arxiv.org/abs/0811.3171
https://ui.adsabs.harvard.edu/abs/2009PhRvL.103o0502H
https://doi.org/10.1103%2FPhysRevLett.103.150502
https://pubmed.ncbi.nlm.nih.gov/19905613
https://api.semanticscholar.org/CorpusID:5187993
https://web.archive.org/web/20080117230333/http://www.physorg.com/news119632225.html
http://www.physorg.com/news119632225.html
http://www.eetimes.com/news/latest/showArticle.jhtml?articleID=205918527
https://web.archive.org/web/20080229001836/http://www.physorg.com/news123244300.html
http://www.physorg.com/news123244300.html
https://www.sciencedaily.com/releases/2008/02/080221101910.htm
http://www.eurekalert.org/pub_releases/2008-03/uocf-fc030508.php
http://www.kurzweilai.net/news/frame.html?main=news_single.html?id%3D8142
http://www.eurekalert.org/pub_releases/2008-03/uob-scf032608.php
http://www.kurzweilai.net/news/frame.html?main=news_single.html?id%3D8354
http://www.technologyreview.com/Infotech/20565/?a=f
https://web.archive.org/web/20080430131534/http://physorg.com/news128261028.html
http://physorg.com/news128261028.html
https://web.archive.org/web/20080529004841/http://physicsworld.com/cws/article/news/34359
http://physicsworld.com/cws/article/news/34359
https://arstechnica.com/news.ars/post/20080527-molecular-magnets-in-soap-bubbles-could-lead-to-quantum-ram.html
http://physorg.com/news131631206.html
https://web.archive.org/web/20080915130750/http://www.physorg.com/news133439288.html
http://www.physorg.com/news133439288.html
https://web.archive.org/web/20080829225636/http://www.physorg.com/news133624014.html
http://www.physorg.com/news133624014.html
https://web.archive.org/web/20190202103204/https://news.uns.purdue.edu/x/2008a/080626KlimeckArsenic.html
http://news.uns.purdue.edu/x/2008a/080626KlimeckArsenic.html
http://www.technologyreview.com/Infotech/21086/
https://www.sciencedaily.com/releases/2008/08/080805150812.htm
https://web.archive.org/web/20080905193420/http://www.physorg.com/news139665168.html
http://www.physorg.com/news139665168.html
https://www.sciencedaily.com/releases/2008/09/080925144609.htm
http://physics.aps.org/articles/v1/23
https://web.archive.org/web/20081022201107/http://www.scienceblog.com/cms/blog/624-relationships-between-quantum-dots-stability-and-reproduction-17599.html
http://www.scienceblog.com/cms/blog/624-relationships-between-quantum-dots-stability-and-reproduction-17599.html
http://www.eurekalert.org/pub_releases/2008-10/pues-smt102208.php
https://www.nsf.gov/news/news_summ.jsp?cntn_id=112538&govDel=USNSF_51
http://www.eurekalert.org/pub_releases/2008-11/su-sqc112008.php
https://web.archive.org/web/20081208091811/http://www.physorg.com/news147698804.html
http://www.physorg.com/news147698804.html
https://web.archive.org/web/20081223060355/http://nextbigfuture.com/2008/12/dwave-systems-128-qubit-chip-has-been.html
http://nextbigfuture.com/2008/12/dwave-systems-128-qubit-chip-has-been.html
https://web.archive.org/web/20090411055856/http://nextbigfuture.com/2009/04/element-six-is-global-leader-europe.html
http://nextbigfuture.com/2009/04/element-six-is-global-leader-europe.html
https://www.technologyreview.com/2009/04/23/213539/extending-the-life-of-quantum-bits/
https://archive.today/20130131221049/http://www.physorg.com/news162814379.html
http://www.physorg.com/news162814379.html
https://archive.today/20130131084441/http://www.physorg.com/news163253992.html
http://www.physorg.com/news163253992.html
http://www.eurekalert.org/pub_releases/2009-06/uom-lcl062309.php
https://www.sciencedaily.com/releases/2009/06/090628171949.htm
https://arxiv.org/abs/0710.0278
https://ui.adsabs.harvard.edu/abs/2009PhRvL.102c0502L
https://doi.org/10.1103%2FPhysRevLett.102.030502
https://pubmed.ncbi.nlm.nih.gov/19257336
https://api.semanticscholar.org/CorpusID:11788852
http://www.gizmag.com/optical-transistor-made-from-single-molecule/12157/
http://www.eetimes.com/news/latest/showArticle.jhtml?articleID=218401022
http://www.technologyreview.com/computing/23137/
https://arxiv.org/abs/0808.1782
https://ui.adsabs.harvard.edu/abs/2009NJPh...11h3032D
https://doi.org/10.1088%2F1367-2630%2F11%2F8%2F083032
https://api.semanticscholar.org/CorpusID:56195929
https://arxiv.org/abs/0907.1865
https://ui.adsabs.harvard.edu/abs/2009Sci...325.1227H
https://doi.org/10.1126%2Fscience.1177077
https://pubmed.ncbi.nlm.nih.gov/19661380
https://api.semanticscholar.org/CorpusID:24468918
https://arxiv.org/abs/0911.1242
https://ui.adsabs.harvard.edu/abs/2009Sci...325.1221P
https://doi.org/10.1126%2Fscience.1173731
https://pubmed.ncbi.nlm.nih.gov/19729649
https://api.semanticscholar.org/CorpusID:17259222
https://arxiv.org/abs/0903.3506
https://ui.adsabs.harvard.edu/abs/2009PhRvL.103g0502W
https://doi.org/10.1103%2FPhysRevLett.103.070502
https://pubmed.ncbi.nlm.nih.gov/19792625
https://api.semanticscholar.org/CorpusID:6990125
https://www.newscientist.com/article/mg20327275.700-photon-machine-gun-could-power-quantum-computers.html?DCMP=OTC-rss&nsref=online-news
https://www.newscientist.com/article/dn18154-first-universal-programmable-quantum-computer-unveiled.html
https://web.archive.org/web/20091123213145/http://www.scienceblog.com/cms/ucsb-physicists-move-1-step-closer-quantum-computing-27431.html
http://www.scienceblog.com/cms/ucsb-physicists-move-1-step-closer-quantum-computing-27431.html
http://www.popsci.com/technology/article/2009-12/google-algorithm-uses-quantum-computing-sort-images-faster-ever
https://arxiv.org/abs/0903.1884
https://ui.adsabs.harvard.edu/abs/2009NJPh...11l3022H
https://doi.org/10.1088%2F1367-2630%2F11%2F12%2F123022
https://api.semanticscholar.org/CorpusID:54065717
https://arxiv.org/abs/0909.3715
https://ui.adsabs.harvard.edu/abs/2009PhRvL.103t0503M
https://doi.org/10.1103%2FPhysRevLett.103.200503
https://pubmed.ncbi.nlm.nih.gov/20365970
https://api.semanticscholar.org/CorpusID:7632319
https://physicsworld.com/a/a-decade-of-physics-world-breakthroughs-2009-the-first-quantum-computer/
http://www.technologyreview.com/blog/arxiv/24685/?nlid=2678
https://www.wired.com/wiredscience/2010/01/quantum-computer-hydrogen-simulation/
https://web.archive.org/web/20111224181702/http://www.physorg.com/news184493799.html
http://www.physorg.com/news184493799.html
https://www.sciencedaily.com/releases/2010/02/100205162953.htm
http://news.bbc.co.uk/2/hi/sci/tech/8570836.stm
https://go.gale.com/ps/i.do?id=GALE%7CA221455370&sid=sitemap&v=2.1&it=r&p=EAIM&sw=w&userGroupName=anon%7E3ab19270&aty=open-web-entry
https://www.sciencedaily.com/releases/2010/04/100401130336.htm
https://phys.org/news/2010-04-bizarre-quantum-odd-electron-fault-tolerant.html
https://web.archive.org/web/20111219181729/http://www.physorg.com/news194169329.html
http://www.physorg.com/news194169329.html
https://physicsworld.com/a/entangling-photons-with-electricity/
https://arxiv.org/abs/0910.4038
https://ui.adsabs.harvard.edu/abs/2010NaPho...4..792M
https://doi.org/10.1038%2Fnphoton.2010.213
https://api.semanticscholar.org/CorpusID:119243884
http://www.kurzweilai.net/two-photon-optical-chip-enables-more-complex-quantum-computing
https://www.sciencedaily.com/releases/2010/05/100526091044.htm
http://www.gtri.gatech.edu/casestudy/microfabricated-planar-ion-traps
https://arxiv.org/abs/1011.3245
https://doi.org/10.1145%2F1993636.1993682
https://web.archive.org/web/20101224162118/http://www.tudelft.nl/live/pagina.jsp?id=2136915a-f72a-441a-8783-b0b0e91cb48f&lang=en
http://www.tudelft.nl/live/pagina.jsp?id=2136915a-f72a-441a-8783-b0b0e91cb48f&lang=en
https://arxiv.org/abs/1010.0107
https://ui.adsabs.harvard.edu/abs/2011Natur.470...69S
https://doi.org/10.1038%2Fnature09696
https://pubmed.ncbi.nlm.nih.gov/21248751
https://api.semanticscholar.org/CorpusID:4322097
http://www.ia.ucsb.edu/pa/display.aspx?pkey=2428
http://www.kurzweilai.net/quantum-antennas-enable-exchange-of-quantum-information-between-two-memory-cells
https://www.ncbi.nlm.nih.gov/pmc/articles/PMC3072100
https://arxiv.org/abs/1007.1372
https://ui.adsabs.harvard.edu/abs/2011NatCo...2..224P
https://doi.org/10.1038%2Fncomms1228
https://www.ncbi.nlm.nih.gov/pmc/articles/PMC3072100
https://pubmed.ncbi.nlm.nih.gov/21364563
https://www.technologyreview.com/2011/03/07/196521/new-magnetic-resonance-technique-could-revolutionise-quantum-computing/
https://web.archive.org/web/20110318143231/http://www.mpq.mpg.de/cms/mpq/en/news/press/11_03_17.html
http://www.mpq.mpg.de/cms/mpq/en/news/press/11_03_17.html
https://web.archive.org/web/20121011161855/http://cordis.europa.eu/fetch?CALLER=EN_NEWS&ACTION=D&SESSION=&RCN=33212
http://cordis.europa.eu/fetch?CALLER=EN_NEWS&ACTION=D&SESSION=&RCN=33212
https://arxiv.org/abs/1009.6126
https://ui.adsabs.harvard.edu/abs/2011PhRvL.106m0506M
https://doi.org/10.1103%2FPhysRevLett.106.130506
https://pubmed.ncbi.nlm.nih.gov/21517367
https://api.semanticscholar.org/CorpusID:8155660
https://web.archive.org/web/20110515083848/http://physicsworld.com/cws/article/news/45960
http://physicsworld.com/cws/article/news/45960
https://web.archive.org/web/20120107024333/http://www.physorg.com/news/2011-05-quantum-repetitive-error-processor.html
http://www.physorg.com/news/2011-05-quantum-repetitive-error-processor.html
http://www.ia.ucsb.edu/pa/display.aspx?pkey=2519
http://www.nanowerk.com/news/newsid=22133.php
http://www.nanowerk.com/news/newsid=22174.php
http://www.nanowerk.com/news/newsid=22292.php
https://arxiv.org/abs/1104.3573
https://ui.adsabs.harvard.edu/abs/2011Natur.476..181O
https://doi.org/10.1038%2Fnature10290
https://pubmed.ncbi.nlm.nih.gov/21833084
https://api.semanticscholar.org/CorpusID:2902510
https://www.nist.gov/pml/div688/qubit-083011.cfm
https://arxiv.org/abs/1109.3743
https://ui.adsabs.harvard.edu/abs/2011Sci...334...61M
https://doi.org/10.1126%2Fscience.1208517
https://pubmed.ncbi.nlm.nih.gov/21885732
https://api.semanticscholar.org/CorpusID:11483576
https://www.zdnet.com/article/one-step-closer-to-quantum-computers/
http://www.livescience.com/17264-quantum-entanglement-macroscopic-diamonds.html
https://arxiv.org/abs/1201.1842
https://ui.adsabs.harvard.edu/abs/2013PhRvL.111m0505B
https://doi.org/10.1103%2FPhysRevLett.111.130505
https://pubmed.ncbi.nlm.nih.gov/24116761
https://api.semanticscholar.org/CorpusID:1303361
https://ui.adsabs.harvard.edu/abs/2012NatNa...7..242F
https://doi.org/10.1038%2Fnnano.2012.21
https://pubmed.ncbi.nlm.nih.gov/22343383
https://api.semanticscholar.org/CorpusID:14952278
https://www.nytimes.com/2012/02/20/science/physicists-create-a-working-transistor-from-a-single-atom.html?partner=rss&emc=rss
https://www.ncbi.nlm.nih.gov/pmc/articles/PMC3316888
https://ui.adsabs.harvard.edu/abs/2012NatCo...3..729G
https://doi.org/10.1038%2Fncomms1729
https://www.ncbi.nlm.nih.gov/pmc/articles/PMC3316888
https://pubmed.ncbi.nlm.nih.gov/22395620
https://arxiv.org/abs/1204.5789
https://ui.adsabs.harvard.edu/abs/2012Natur.484..489B
https://doi.org/10.1038%2Fnature10981
https://pubmed.ncbi.nlm.nih.gov/22538611
https://api.semanticscholar.org/CorpusID:4370334
https://www.zdnet.com/article/300-atom-quantum-simulator-smashes-qubit-record/
https://arxiv.org/abs/0905.1542
https://ui.adsabs.harvard.edu/abs/2012Natur.482..489Y
https://doi.org/10.1038%2Fnature10770
https://pubmed.ncbi.nlm.nih.gov/22358838
https://api.semanticscholar.org/CorpusID:4307662
http://www.1qbit.com/
https://arxiv.org/abs/1306.4137
https://ui.adsabs.harvard.edu/abs/2012NaPho...6..777M
https://doi.org/10.1038%2Fnphoton.2012.243
https://api.semanticscholar.org/CorpusID:5056130
http://nrs.harvard.edu/urn-3:HUL.InstRepos:12132060
https://ui.adsabs.harvard.edu/abs/2012Sci...336.1283M
https://doi.org/10.1126%2Fscience.1220513
https://pubmed.ncbi.nlm.nih.gov/22679092
https://api.semanticscholar.org/CorpusID:2684102
https://techland.time.com/2012/07/06/quantum-computing-at-room-temperature-now-a-reality/
https://arxiv.org/abs/1202.3571
https://ui.adsabs.harvard.edu/abs/2012PhRvL.109p0404K
https://doi.org/10.1103%2FPhysRevLett.109.160404
https://pubmed.ncbi.nlm.nih.gov/23350071
https://api.semanticscholar.org/CorpusID:18935137
https://arxiv.org/abs/1111.4022
https://ui.adsabs.harvard.edu/abs/2012NJPh...14l3011H
https://doi.org/10.1088%2F1367-2630%2F14%2F12%2F123011
https://api.semanticscholar.org/CorpusID:119212756
https://www.theverge.com/2013/11/14/5104668/qubits-stored-for-39-minutes-quantum-computer-new-record
https://web.archive.org/web/20181002141518/http://welldonestuff.com/quantum-computer-breakthrough-2013/
http://welldonestuff.com/quantum-computer-breakthrough-2013/
https://arxiv.org/abs/1212.4934
https://ui.adsabs.harvard.edu/abs/2013NatCo...4.2524D
https://doi.org/10.1038%2Fncomms3524
https://pubmed.ncbi.nlm.nih.gov/24088785
https://api.semanticscholar.org/CorpusID:7229103
https://web.archive.org/web/20170830105417/https://apps.washingtonpost.com/g/page/world/a-description-of-the-penetrating-hard-targets-project/691/
https://apps.washingtonpost.com/g/page/world/a-description-of-the-penetrating-hard-targets-project/691/
https://www.kurzweilai.net/nsa-seeks-to-develop-quantum-computer-to-crack-nearly-every-kind-of-encryption
https://www.washingtonpost.com/world/national-security/nsa-seeks-to-build-quantum-computer-that-could-crack-most-types-of-encryption/2014/01/02/8fff297e-7195-11e3-8def-a33011492df2_story.html
https://nation.time.com/2014/01/02/the-nsa-is-building-a-computer-to-crack-almost-any-code/
https://arxiv.org/abs/1309.4277
https://ui.adsabs.harvard.edu/abs/2014PhRvX...4c1022N
https://doi.org/10.1103%2FPhysRevX.4.031022
https://api.semanticscholar.org/CorpusID:118418371
https://arxiv.org/abs/1403.5426
https://ui.adsabs.harvard.edu/abs/2014Sci...345..302N
https://doi.org/10.1126%2Fscience.1253742
https://pubmed.ncbi.nlm.nih.gov/24925911
https://api.semanticscholar.org/CorpusID:9677048
https://www.nytimes.com/2014/05/30/science/scientists-report-finding-reliable-way-to-teleport-data.html
https://arxiv.org/abs/1404.4369
https://ui.adsabs.harvard.edu/abs/2014Sci...345..532P
https://doi.org/10.1126%2Fscience.1253512
https://pubmed.ncbi.nlm.nih.gov/25082696
https://api.semanticscholar.org/CorpusID:2190249
https://ui.adsabs.harvard.edu/abs/2015Natur.517..177Z
https://doi.org/10.1038%2Fnature14025
https://pubmed.ncbi.nlm.nih.gov/25567283
https://api.semanticscholar.org/CorpusID:205241727
http://newsroom.unsw.edu.au/news/science-tech/breakthrough-opens-door-affordable-quantum-computers
https://www.ncbi.nlm.nih.gov/pmc/articles/PMC4421819
https://arxiv.org/abs/1410.6419
https://ui.adsabs.harvard.edu/abs/2015NatCo...6.6979C
https://doi.org/10.1038%2Fncomms7979
https://www.ncbi.nlm.nih.gov/pmc/articles/PMC4421819
https://pubmed.ncbi.nlm.nih.gov/25923200
https://web.archive.org/web/20180115184711/https://www.dwavesys.com/press-releases/d-wave-systems-breaks-1000-qubit-quantum-computing-barrier
http://www.dwavesys.com/press-releases/d-wave-systems-breaks-1000-qubit-quantum-computing-barrier
http://www.newsroom.unsw.edu.au/news/science-tech/crucial-hurdle-overcome-quantum-computing
https://arxiv.org/abs/1507.08852
https://ui.adsabs.harvard.edu/abs/2016Sci...351.1068M
https://doi.org/10.1126%2Fscience.aad9480
https://pubmed.ncbi.nlm.nih.gov/26941315
https://api.semanticscholar.org/CorpusID:17426142
https://arxiv.org/abs/1605.05709
https://ui.adsabs.harvard.edu/abs/2016PhRvA..94c2329D
https://doi.org/10.1103%2FPhysRevA.94.032329
https://api.semanticscholar.org/CorpusID:119217150
https://arxiv.org/abs/1605.04220
https://ui.adsabs.harvard.edu/abs/2016PhRvA..94a2314A
https://doi.org/10.1103%2FPhysRevA.94.012314
https://api.semanticscholar.org/CorpusID:119189277
https://arxiv.org/abs/1512.06860
https://ui.adsabs.harvard.edu/abs/2016PhRvX...6c1007O
https://doi.org/10.1103%2FPhysRevX.6.031007
https://api.semanticscholar.org/CorpusID:4884151
https://www.ncbi.nlm.nih.gov/pmc/articles/PMC5090252
https://arxiv.org/abs/1605.05709
https://ui.adsabs.harvard.edu/abs/2016NatSR...636163D
https://doi.org/10.1038%2Fsrep36163
https://www.ncbi.nlm.nih.gov/pmc/articles/PMC5090252
https://pubmed.ncbi.nlm.nih.gov/27805001
https://web.archive.org/web/20170127044404/http://www.dwavesys.com/press-releases/d-wave%C2%A0announces%C2%A0d-wave-2000q-quantum-computer-and-first-system-order
http://www.dwavesys.com/press-releases/d-wave%C2%A0announces%C2%A0d-wave-2000q-quantum-computer-and-first-system-order
https://www.ncbi.nlm.nih.gov/pmc/articles/PMC5287699
https://arxiv.org/abs/1508.00420
https://ui.adsabs.harvard.edu/abs/2017SciA....3E1540L
https://doi.org/10.1126%2Fsciadv.1601540
https://www.ncbi.nlm.nih.gov/pmc/articles/PMC5287699
https://pubmed.ncbi.nlm.nih.gov/28164154
https://www.vice.com/en/article/ibm-17-qubit-quantum-processor-computer-google/
https://spectrum.ieee.org/qudits-the-real-future-of-quantum-computing
https://arstechnica.com/gadgets/2017/09/microsoft-quantum-toolkit/
https://www.technologyreview.com/s/609451/ibm-raises-the-bar-with-a-50-qubit-quantum-computer/
https://www.nature.com/articles/nature23675/
https://arxiv.org/abs/1707.00934
https://ui.adsabs.harvard.edu/abs/2017Natur.549...70R
https://doi.org/10.1038%2Fnature23675
https://search.worldcat.org/issn/1476-4687
https://pubmed.ncbi.nlm.nih.gov/28825708
https://api.semanticscholar.org/CorpusID:4468803
https://quantum-journal.org/papers/q-2018-08-06-79/
https://arxiv.org/abs/1801.00862
https://ui.adsabs.harvard.edu/abs/2018Quant...2...79P
https://doi.org/10.22331%2Fq-2018-08-06-79
https://search.worldcat.org/issn/2521-327X
http://www.newsweek.com/photons-light-physics-808862
https://www.ncbi.nlm.nih.gov/pmc/articles/PMC6467536
https://arxiv.org/abs/1709.01478
https://ui.adsabs.harvard.edu/abs/2018Sci...359..783L
https://doi.org/10.1126%2Fscience.aao7293
https://www.ncbi.nlm.nih.gov/pmc/articles/PMC6467536
https://pubmed.ncbi.nlm.nih.gov/29449489
https://www.independent.co.uk/life-style/gadgets-and-tech/news/quantum-computing-logic-gates-oxford-university-breakthrough-latest-discovery-a8235281.html
https://ghostarchive.org/archive/20220507/https://www.independent.co.uk/life-style/gadgets-and-tech/news/quantum-computing-logic-gates-oxford-university-breakthrough-latest-discovery-a8235281.html
https://www.technologyreview.com/s/610273/old-fashioned-silicon-might-be-the-key-to-building-ubiquitous-quantum-computers/
https://www.nature.com/articles/nature25766
https://arxiv.org/abs/1708.04214
https://ui.adsabs.harvard.edu/abs/2018Natur.555..633W
https://doi.org/10.1038%2Fnature25766
https://search.worldcat.org/issn/1476-4687
https://pubmed.ncbi.nlm.nih.gov/29443962
https://www.sciencenews.org/article/google-moves-toward-quantum-supremacy-72-qubit-computer
https://www.techrepublic.com/article/why-intels-smallest-spin-qubit-chip-could-be-a-turning-point-in-quantum-computing/
https://ieeexplore.ieee.org/document/8614624
http://resolver.tudelft.nl/uuid:97ec7db9-4b61-4a03-ac98-7e77cc2eebbf
https://doi.org/10.1109%2FIEDM.2018.8614624
https://spectrum.ieee.org/intels-49qubit-chip-aims-for-quantum-supremacy
https://www.ncbi.nlm.nih.gov/pmc/articles/PMC6089953
https://ui.adsabs.harvard.edu/abs/2018NatCo...9.3227N
https://doi.org/10.1038%2Fs41467-018-05664-w
https://www.ncbi.nlm.nih.gov/pmc/articles/PMC6089953
https://pubmed.ncbi.nlm.nih.gov/30104616
https://www.ncbi.nlm.nih.gov/pmc/articles/PMC6286167
https://arxiv.org/abs/1804.07435
https://ui.adsabs.harvard.edu/abs/2018SciA....4.9331L
https://doi.org/10.1126%2Fsciadv.aat9331
https://www.ncbi.nlm.nih.gov/pmc/articles/PMC6286167
https://pubmed.ncbi.nlm.nih.gov/30539143
https://physicsworld.com/a/ion-based-commercial-quantum-computer-is-a-first/
https://ionq.com/
https://www.govtrack.us/congress/bills/115/hr6227
https://www.technologyreview.com/the-download/612679/president-trump-has-signed-a-12-billon-law-to-boost-us-quantum-tech/
https://thestack.com/data-centre/2018/12/18/us-national-quantum-initiative-act/
https://www.newscientist.com/article/2189909-ibm-unveils-its-first-commercial-quantum-computer/
https://techcrunch.com/2019/01/08/ibm-unveils-its-first-commercial-quantum-computer/
https://arxiv.org/abs/1810.03421
https://ui.adsabs.harvard.edu/abs/2019Natur.569..355K
https://doi.org/10.1038%2Fs41586-019-1177-4
https://pubmed.ncbi.nlm.nih.gov/31092942
https://api.semanticscholar.org/CorpusID:53595106
https://newsroom.unsw.edu.au/news/science-tech/noise-cancelling-headphones%E2%80%99-quantum-computers-international-collaboration#:~:text=A%20new%20project%20to%20develop,quantum%20building%20blocks%2C%20or%20qubits.&text=Morello%27s%20team%20was%20the%20first,information%20in%20a%20silicon%20chip
https://www.uts.edu.au/about/faculty-engineering-and-information-technology/news/cancelling-quantum-noise
https://www.ncbi.nlm.nih.gov/pmc/articles/PMC7003699
https://arxiv.org/abs/1809.10456
https://ui.adsabs.harvard.edu/abs/2019PhRvL.123n0402U
https://doi.org/10.1103%2FPhysRevLett.123.140402
https://www.ncbi.nlm.nih.gov/pmc/articles/PMC7003699
https://pubmed.ncbi.nlm.nih.gov/31702205
https://ui.adsabs.harvard.edu/abs/2019Sci...365.1070C
https://doi.org/10.1126%2Fscience.365.6458.1070
https://pubmed.ncbi.nlm.nih.gov/31515367
https://api.semanticscholar.org/CorpusID:202567042
https://www.engadget.com/2019/09/23/google-quantum-supremacy/
https://www.theverge.com/2019/9/23/20879485/google-quantum-supremacy-qubits-nasa
https://www.ft.com/content/b9bb4e54-dbc1-11e9-8f9b-77216ebe1f17
https://ghostarchive.org/archive/20221210/https://www.ft.com/content/b9bb4e54-dbc1-11e9-8f9b-77216ebe1f17
https://spectrum.ieee.org/google-team-builds-circuit-to-solve-one-of-quantum-computings-biggest-problems
https://www.scientificamerican.com/article/quantum-computer-made-from-photons-achieves-a-new-record/
https://newsroom.unsw.edu.au/news/science-tech/hot-qubits-made-sydney-break-one-biggest-constraints-practical-quantum-computers
https://newsroom.unsw.edu.au/news/science-tech/engineers-crack-58-year-old-puzzle-way-quantum-breakthrough
https://eurekalert.org/pub_releases/2020-04/tuos-wtq042320.php
https://phys.org/news/2020-02-quantum-photon.html
https://doi.org/10.1103%2FPhysRevX.10.011011
https://arxiv.org/abs/1907.08692
https://ui.adsabs.harvard.edu/abs/2020PhRvX..10a1011C
https://doi.org/10.1103%2FPhysRevX.10.011011
https://phys.org/news/2020-02-artificial-atoms-stable-qubits-quantum.html
https://www.ncbi.nlm.nih.gov/pmc/articles/PMC7012832
https://arxiv.org/abs/1902.01550
https://ui.adsabs.harvard.edu/abs/2020NatCo..11..797L
https://doi.org/10.1038%2Fs41467-019-14053-w
https://search.worldcat.org/issn/2041-1723
https://www.ncbi.nlm.nih.gov/pmc/articles/PMC7012832
https://pubmed.ncbi.nlm.nih.gov/32047151
https://phys.org/news/2020-02-photons-stream-electrons.html
https://www.ncbi.nlm.nih.gov/pmc/articles/PMC7021712
https://arxiv.org/abs/1901.03464
https://ui.adsabs.harvard.edu/abs/2020NatCo..11..917H
https://doi.org/10.1038%2Fs41467-020-14560-1
https://search.worldcat.org/issn/2041-1723
https://www.ncbi.nlm.nih.gov/pmc/articles/PMC7021712
https://pubmed.ncbi.nlm.nih.gov/32060278
https://phys.org/news/2020-02-scientists-quantum.html
https://arxiv.org/abs/1903.10398
https://ui.adsabs.harvard.edu/abs/2020PhRvL.124h0401P
https://doi.org/10.1103%2FPhysRevLett.124.080401
https://pubmed.ncbi.nlm.nih.gov/32167322
https://api.semanticscholar.org/CorpusID:85501331
https://phys.org/news/2020-03-scientists-electron-qubit-demolishing.html
https://www.ncbi.nlm.nih.gov/pmc/articles/PMC7052195
https://arxiv.org/abs/1910.11963
https://ui.adsabs.harvard.edu/abs/2020NatCo..11.1144Y
https://doi.org/10.1038%2Fs41467-020-14818-8
https://search.worldcat.org/issn/2041-1723
https://www.ncbi.nlm.nih.gov/pmc/articles/PMC7052195
https://pubmed.ncbi.nlm.nih.gov/32123167
https://phys.org/news/2020-03-year-old-puzzle-quantum-breakthrough.html
https://arxiv.org/abs/1906.01086
https://ui.adsabs.harvard.edu/abs/2020Natur.579..205A
https://doi.org/10.1038%2Fs41586-020-2057-7
https://pubmed.ncbi.nlm.nih.gov/32161384
https://api.semanticscholar.org/CorpusID:174797899
https://phys.org/news/2020-03-scientists-quantum-sensor-entire-radio.html
https://arxiv.org/abs/1910.00646
https://ui.adsabs.harvard.edu/abs/2020JPhB...53c4001M
https://doi.org/10.1088%2F1361-6455%2Fab6051
https://search.worldcat.org/issn/0953-4075
https://api.semanticscholar.org/CorpusID:203626886
https://phys.org/news/2020-03-link-quantum-internet.html
https://arxiv.org/abs/1909.01323
https://ui.adsabs.harvard.edu/abs/2020Natur.580...60B
https://doi.org/10.1038%2Fs41586-020-2103-5
https://pubmed.ncbi.nlm.nih.gov/32238931
https://api.semanticscholar.org/CorpusID:202539813
https://www.popularmechanics.com/science/a32170397/hot-qubits-quantum-computing-breakthrough/
https://www.abc.net.au/news/science/2020-04-16/hot-qubits-crack-quantum-computing-temperature-barrier/12132400
https://phys.org/news/2020-04-hot-qubits-biggest-constraints-quantum.html
https://arxiv.org/abs/1902.09126
https://ui.adsabs.harvard.edu/abs/2020Natur.580..350Y
https://doi.org/10.1038%2Fs41586-020-2171-6
https://pubmed.ncbi.nlm.nih.gov/32296190
https://api.semanticscholar.org/CorpusID:119520750
https://phys.org/news/2020-04-discovery-long-standing-debate-photovoltaic-materials.html
https://doi.org/10.1103%2FPhysRevLett.124.157401
https://arxiv.org/abs/1905.12373
https://doi.org/10.1103%2FPhysRevLett.124.157401
https://pubmed.ncbi.nlm.nih.gov/32357060
https://api.semanticscholar.org/CorpusID:214606050
https://phys.org/news/2020-05-scientists-quantum-radar-prototype.html
https://newatlas.com/physics/quantum-radar-entangled-photons/
https://www.ncbi.nlm.nih.gov/pmc/articles/PMC7272231
https://arxiv.org/abs/1908.03058
https://ui.adsabs.harvard.edu/abs/2020SciA....6..451B
https://doi.org/10.1126%2Fsciadv.abb0451
https://www.ncbi.nlm.nih.gov/pmc/articles/PMC7272231
https://pubmed.ncbi.nlm.nih.gov/32548249
https://phys.org/news/2020-05-scientists-link-quantum-material-orbital.html
https://doi.org/10.1103%2FPhysRevB.101.201103
https://arxiv.org/abs/1912.10234
https://ui.adsabs.harvard.edu/abs/2020PhRvB.101t1103S
https://doi.org/10.1103%2FPhysRevB.101.201103
https://phys.org/news/2020-05-photon-discovery-major-large-scale-quantum.html
https://optics.org/news/11/5/44
https://www.ncbi.nlm.nih.gov/pmc/articles/PMC7237445
https://arxiv.org/abs/2005.09579
https://ui.adsabs.harvard.edu/abs/2020NatCo..11.2505P
https://doi.org/10.1038%2Fs41467-020-16187-8
https://www.ncbi.nlm.nih.gov/pmc/articles/PMC7237445
https://pubmed.ncbi.nlm.nih.gov/32427911
https://doi.org/10.1038%2Fd41586-020-01653-6
https://ui.adsabs.harvard.edu/abs/2020Natur.582..186L
https://doi.org/10.1038%2Fd41586-020-01653-6
https://pubmed.ncbi.nlm.nih.gov/32528088
https://phys.org/news/2020-06-quantum-state-space.html
https://ui.adsabs.harvard.edu/abs/2020Natur.582..193A
https://doi.org/10.1038%2Fs41586-020-2346-1
https://pubmed.ncbi.nlm.nih.gov/32528092
https://api.semanticscholar.org/CorpusID:219568565
https://phys.org/news/2020-06-smallest-motor-world.html
https://newatlas.com/physics/nano-motor-quantum-physics/
https://www.ncbi.nlm.nih.gov/pmc/articles/PMC7334648
https://ui.adsabs.harvard.edu/abs/2020PNAS..11714838S
https://doi.org/10.1073%2Fpnas.1918654117
https://search.worldcat.org/issn/0027-8424
https://www.ncbi.nlm.nih.gov/pmc/articles/PMC7334648
https://pubmed.ncbi.nlm.nih.gov/32541061
https://phys.org/news/2020-06-techniques-quantum-entangle-phonons.html
https://physics.aps.org/articles/v13/95
https://arxiv.org/abs/2005.12334
https://ui.adsabs.harvard.edu/abs/2020PhRvL.124x0502C
https://doi.org/10.1103%2FPhysRevLett.124.240502
https://pubmed.ncbi.nlm.nih.gov/32639797
https://api.semanticscholar.org/CorpusID:218889298
https://doi.org/10.1103%2FPhysRevX.10.021055
https://arxiv.org/abs/2005.09311
https://ui.adsabs.harvard.edu/abs/2020PhRvX..10b1055B
https://doi.org/10.1103%2FPhysRevX.10.021055
https://www.zdnet.com/article/honeywell-claims-to-have-worlds-highest-performing-quantum-computer-according-to-ibms-benchmark
https://www.anl.gov/article/uchicago-scientists-discover-way-to-make-quantum-states-last-10000-times-longer
https://arxiv.org/abs/2005.06082v1
https://ui.adsabs.harvard.edu/abs/2020Sci...369.1493M
https://doi.org/10.1126%2Fscience.abc5186
https://pubmed.ncbi.nlm.nih.gov/32792463
https://api.semanticscholar.org/CorpusID:218613907
https://www.newscientist.com/article/2252933-quantum-computers-may-be-destroyed-by-high-energy-particles-from-space/
https://phys.org/news/2020-08-cosmic-rays-stymie-quantum.html
https://www.nature.com/articles/s41586-020-2619-8
https://arxiv.org/abs/2001.09190
https://ui.adsabs.harvard.edu/abs/2020Natur.584..551V
https://doi.org/10.1038%2Fs41586-020-2619-8
https://search.worldcat.org/issn/1476-4687
https://pubmed.ncbi.nlm.nih.gov/32848227
https://api.semanticscholar.org/CorpusID:210920566
https://phys.org/news/2020-08-google-largest-chemical-simulation-quantum.html
https://www.scientificamerican.com/article/googles-quantum-computer-achieves-chemistry-milestone/
https://www.science.org/doi/10.1126/science.abb9811
https://arxiv.org/abs/2004.04174
https://ui.adsabs.harvard.edu/abs/2020Sci...369.1084.
https://doi.org/10.1126%2Fscience.abb9811
https://search.worldcat.org/issn/0036-8075
https://pubmed.ncbi.nlm.nih.gov/32855334
https://api.semanticscholar.org/CorpusID:215548188
https://physicsworld.com/a/multi-user-communication-network-paves-the-way-towards-the-quantum-internet/
https://www.ncbi.nlm.nih.gov/pmc/articles/PMC7467697
https://arxiv.org/abs/1907.08229
https://ui.adsabs.harvard.edu/abs/2020SciA....6..959J
https://doi.org/10.1126%2Fsciadv.aba0959
https://search.worldcat.org/issn/2375-2548
https://www.ncbi.nlm.nih.gov/pmc/articles/PMC7467697
https://pubmed.ncbi.nlm.nih.gov/32917585
https://spectrum.ieee.org/photonic-quantum
https://phys.org/news/2020-09-quantum-entanglement-distant-large.html
https://www.nature.com/articles/s41567-020-1031-5
https://arxiv.org/abs/2003.11310
https://doi.org/10.1038%2Fs41567-020-1031-5
https://search.worldcat.org/issn/1745-2481
https://api.semanticscholar.org/CorpusID:214641162
http://global.chinadaily.com.cn/a/202012/04/WS5fc96deba31024ad0ba99abf.html
https://www.wired.com/story/china-stakes-claim-quantum-supremacy/
https://www.science.org/doi/full/10.1126/science.abe8770
https://arxiv.org/abs/2012.01625
https://ui.adsabs.harvard.edu/abs/2020Sci...370.1460Z
https://doi.org/10.1126%2Fscience.abe8770
https://search.worldcat.org/issn/0036-8075
https://pubmed.ncbi.nlm.nih.gov/33273064
https://api.semanticscholar.org/CorpusID:227254333
https://www.zdnet.com/article/honeywell-introduces-quantum-computing-as-a-service-with-subscription-offering/#ftag=CAD-00-10aag7e
https://spectrum.ieee.org/three-super-cold-devices-quantum-computers
https://futurism.com/scientists-achieve-direct-counterfactual-quantum-communication-for-the-first-time
https://phys.org/news/2020-12-elementary-particles-ways-properties.html
https://www.sciencealert.com/schrodinger-s-cat-gets-a-cheshire-grin-in-a-mind-bending-quantum-physics-analysis
https://journals.aps.org/prl/abstract/10.1103/PhysRevLett.125.260401
https://arxiv.org/abs/2011.11667
https://ui.adsabs.harvard.edu/abs/2020PhRvL.125z0401A
https://doi.org/10.1103%2FPhysRevLett.125.260401
https://pubmed.ncbi.nlm.nih.gov/33449741
https://api.semanticscholar.org/CorpusID:145994494
https://creativecommons.org/licenses/by/4.0/
https://phys.org/news/2021-01-world-quantum-network.html
https://www.nature.com/articles/s41586-020-03093-8
https://ui.adsabs.harvard.edu/abs/2021Natur.589..214C
https://doi.org/10.1038%2Fs41586-020-03093-8
https://search.worldcat.org/issn/1476-4687
https://pubmed.ncbi.nlm.nih.gov/33408416
https://api.semanticscholar.org/CorpusID:230812317
https://phys.org/news/2021-01-error-protected-quantum-bits-entangled.html
https://www.nature.com/articles/s41586-020-03079-6
https://arxiv.org/abs/2006.03071
https://ui.adsabs.harvard.edu/abs/2021Natur.589..220E
https://doi.org/10.1038%2Fs41586-020-03079-6
https://search.worldcat.org/issn/1476-4687
https://pubmed.ncbi.nlm.nih.gov/33442044
https://api.semanticscholar.org/CorpusID:219401398
https://phys.org/news/2021-01-drones-local-quantum-networks.html
https://journals.aps.org/prl/abstract/10.1103/PhysRevLett.126.020503
https://ui.adsabs.harvard.edu/abs/2021PhRvL.126b0503L
https://doi.org/10.1103%2FPhysRevLett.126.020503
https://pubmed.ncbi.nlm.nih.gov/33512193
https://api.semanticscholar.org/CorpusID:231761406
https://www.zdnet.com/article/bmw-explores-quantum-computing-to-boost-supply-chain-efficiencies/#ftag=CAD-00-10aag7e
https://phys.org/news/2021-01-physicists-record-breaking-source-photons.html
https://www.nature.com/articles/s41565-020-00831-x
https://arxiv.org/abs/2007.12654
https://ui.adsabs.harvard.edu/abs/2021NatNa..16..399T
https://doi.org/10.1038%2Fs41565-020-00831-x
https://search.worldcat.org/issn/1748-3395
https://pubmed.ncbi.nlm.nih.gov/33510454
https://api.semanticscholar.org/CorpusID:220769410
https://www.cnet.com/tech/computing/microsoft-opens-its-azure-quantum-computer-cloud-service-to-the-public/
https://phys.org/news/2021-02-quantum-joint.html
https://www.science.org/doi/10.1126/science.abe3150
https://arxiv.org/abs/2103.13095
https://ui.adsabs.harvard.edu/abs/2021Sci...371..614D
https://doi.org/10.1126%2Fscience.abe3150
https://search.worldcat.org/issn/0036-8075
https://pubmed.ncbi.nlm.nih.gov/33542133
https://api.semanticscholar.org/CorpusID:231808141
https://www.zdnet.com/article/quantum-computing-honeywell-just-quadrupled-the-power-of-its-computer/
https://phys.org/news/2021-04-alien-civilizations-interstellar-quantum.html
https://doi.org/10.3847%2F1538-3881%2Fabf7b7
https://arxiv.org/abs/2104.06446
https://ui.adsabs.harvard.edu/abs/2021AJ....162....1H
https://doi.org/10.3847%2F1538-3881%2Fabf7b7
https://api.semanticscholar.org/CorpusID:233231350
https://physicsworld.com/a/vibrating-drumheads-are-entangled-quantum-mechanically/
https://www.science.org/doi/10.1126/science.abf5389
https://arxiv.org/abs/2009.12902
https://ui.adsabs.harvard.edu/abs/2021Sci...372..625M
https://doi.org/10.1126%2Fscience.abf5389
https://hdl.handle.net/1959.4%2Funsworks_79394
https://search.worldcat.org/issn/0036-8075
https://pubmed.ncbi.nlm.nih.gov/33958476
https://api.semanticscholar.org/CorpusID:221971015
https://www.science.org/doi/10.1126/science.abf2998
https://arxiv.org/abs/2004.05515
https://ui.adsabs.harvard.edu/abs/2021Sci...372..622K
https://doi.org/10.1126%2Fscience.abf2998
https://search.worldcat.org/issn/0036-8075
https://pubmed.ncbi.nlm.nih.gov/33958475
https://api.semanticscholar.org/CorpusID:233872863
https://www.toshiba.eu/pages/eu/Cambridge-Research-Laboratory/toshiba-announces-breakthrough-in-long-distance-quantum-communication
https://www.zdnet.com/article/researchers-created-an-un-hackable-quantum-network-over-hundreds-of-kilometers-using-optical-fiber/
https://www.nature.com/articles/s41566-021-00811-0
https://arxiv.org/abs/2012.15099
https://ui.adsabs.harvard.edu/abs/2021NaPho..15..530P
https://doi.org/10.1038%2Fs41566-021-00811-0
https://search.worldcat.org/issn/1749-4893
https://api.semanticscholar.org/CorpusID:229923162
https://physicsworld.com/a/quantum-computer-is-smallest-ever-claim-physicists/
https://journals.aps.org/prxquantum/abstract/10.1103/PRXQuantum.2.020343
https://arxiv.org/abs/2101.11390
https://ui.adsabs.harvard.edu/abs/2021PRXQ....2b0343P
https://doi.org/10.1103%2FPRXQuantum.2.020343
https://api.semanticscholar.org/CorpusID:231719119
https://www.zdnet.com/article/ibm-researchers-demonstrate-the-advantage-that-quantum-computers-have-over-classical-computers/?ftag=TRE-03-10aaa6b&bhid=28974009886604832149562936007498&mid=13420444&cid=2193388821&eh=70013a02f0e22ff3dec6ccb58d5e95e4e57150473218ab3ecaf4d84e5143828a
https://www.zdnet.com/article/quantum-computing-this-new-approach-could-be-the-fastest-path-to-real-applications/?ftag=TRE-03-10aaa6b&bhid=28974009886604832149562936007498&mid=13420444&cid=2193388821&eh=70013a02f0e22ff3dec6ccb58d5e95e4e57150473218ab3ecaf4d84e5143828a
https://scienmag.com/harvard-led-physicists-take-big-step-in-race-to-quantum-computing/
https://arxiv.org/abs/2012.12281
https://ui.adsabs.harvard.edu/abs/2021Natur.595..227E
https://doi.org/10.1038%2Fs41586-021-03582-4
https://search.worldcat.org/issn/1476-4687
https://pubmed.ncbi.nlm.nih.gov/34234334
https://api.semanticscholar.org/CorpusID:229363764
https://www.nature.com/articles/s41586-021-03585-1
https://arxiv.org/abs/2012.12268
https://ui.adsabs.harvard.edu/abs/2021Natur.595..233S
https://doi.org/10.1038%2Fs41586-021-03585-1
https://search.worldcat.org/issn/1476-4687
https://pubmed.ncbi.nlm.nih.gov/34234335
https://api.semanticscholar.org/CorpusID:229363462
https://techhq.com/2021/10/china-has-quantum-computers-that-are-a-million-times-more-powerful-than-googles/
https://techwireasia.com/2021/11/chinas-quantum-computing-efforts-surpasses-the-wests-yet-again/
https://uwaterloo.ca/news/media/canadian-researchers-achieve-first-quantum-simulation
https://www.ncbi.nlm.nih.gov/pmc/articles/PMC8586147
https://ui.adsabs.harvard.edu/abs/2021NatCo..12.6499A
https://doi.org/10.1038%2Fs41467-021-26825-4
https://search.worldcat.org/issn/2041-1723
https://www.ncbi.nlm.nih.gov/pmc/articles/PMC8586147
https://pubmed.ncbi.nlm.nih.gov/34764262
https://www.newscientist.com/article/2297583-ibm-creates-largest-ever-superconducting-quantum-computer/
https://newsroom.ibm.com/2021-11-16-IBM-Unveils-Breakthrough-127-Qubit-Quantum-Processor
https://www.hpcwire.com/off-the-wire/europes-first-quantum-computer-with-more-than-5k-qubits-launched-at-julich/
https://web.archive.org/web/20220120070625/https://www.hpcwire.com/off-the-wire/europes-first-quantum-computer-with-more-than-5k-qubits-launched-at-julich/
https://phys.org/news/2022-03-artificial-neurons-quantum-photonic-circuits.html
https://arxiv.org/abs/2105.04867
https://ui.adsabs.harvard.edu/abs/2022NaPho..16..318S
https://doi.org/10.1038%2Fs41566-022-00973-5
https://search.worldcat.org/issn/1749-4893
https://api.semanticscholar.org/CorpusID:234358015
https://wwwnature.com/articles/s41928-022-00727-9
https://arxiv.org/abs/2101.12650
https://doi.org/10.1038%2Fs41928-022-00727-9
https://search.worldcat.org/issn/2520-1131
https://www.quantinuum.com/pressrelease/quantinuum-announces-quantum-volume-4096-achievement
https://www.uibk.ac.at/en/newsroom/2022/error-free-quantum-computing-gets-real/
https://www.sciencealert.com/a-huge-step-forward-in-quantum-computing-was-just-announced-the-first-ever-quantum-circuit
https://www.ncbi.nlm.nih.gov/pmc/articles/PMC9217742
https://ui.adsabs.harvard.edu/abs/2022Natur.606..694K
https://doi.org/10.1038%2Fs41586-022-04706-0
https://search.worldcat.org/issn/1476-4687
https://www.ncbi.nlm.nih.gov/pmc/articles/PMC9217742
https://pubmed.ncbi.nlm.nih.gov/35732762
https://newsroom.unsw.edu.au/news/science-tech/unsw-quantum-scientists-deliver-world%E2%80%99s-first-integrated-circuit-atomic-scale
https://www.sciencenews.org/article/alien-quantum-communication-extraterrestrial-communication-signal
https://arxiv.org/abs/2205.11816
https://ui.adsabs.harvard.edu/abs/2022PhRvD.105l3033B
https://doi.org/10.1103%2FPhysRevD.105.123033
https://api.semanticscholar.org/CorpusID:249017926
https://www.uibk.ac.at/en/newsroom/2022/quantum-computer-works-with-more-than-zero-and-one/
https://phys.org/news/2022-08-2d-array-electron-nuclear-qubits.amp
https://phys.org/news/2022-08-physicists-entangle-dozen-photons-efficiently.amp
https://arxiv.org/abs/2205.12736
https://ui.adsabs.harvard.edu/abs/2022Natur.608..677T
https://doi.org/10.1038%2Fs41586-022-04987-5
https://www.ncbi.nlm.nih.gov/pmc/articles/PMC9402438
https://pubmed.ncbi.nlm.nih.gov/36002484
https://phys.org/news/2022-08-metasurfaces-possibilities-quantum.amp
https://www.sciencealert.com/quantum-physicists-set-new-record-for-entangling-photons-together
https://archive.today/20220904164853/https://phys.org/news/2022-09-method-systematically-optimal-quantum-sequences.amp
https://archive.today/20221001222634/https://phys.org/news/2022-09-longest-quantum-standard-silicon-chip.amp
https://doi.org/10.1126%2Fsciadv.abg9158
https://www.ncbi.nlm.nih.gov/pmc/articles/PMC8363148
https://pubmed.ncbi.nlm.nih.gov/34389538
https://newsroom.ibm.com/2022-11-09-IBM-Unveils-400-Qubit-Plus-Quantum-Processor-and-Next-Generation-IBM-Quantum-System-Two
https://techcrunch.com/2022/11/09/ibm-unveils-its-433-qubit-osprey-quantum-computer/
https://www.tomshardware.com/news/spinq-introduces-trio-of-portable-quantum-computers
https://tech.news.am/eng/news/510/worlds-first-portable-quantum-computers-on-sale-in-japan-prices-start-at-$8700.html
https://www.futuroprossimo.it/2021/06/amperage-mini-yacht-elettrico-con-terrazza-fotovoltaica-e-sauna-vabbe
https://www.uibk.ac.at/en/newsroom/2023/entangled-atoms-across-the-innsbruck-quantum-network/
https://www.aqt.eu/aqt-pushing-performance-with-a-quantum-volume-of-128/
https://www.ncbi.nlm.nih.gov/pmc/articles/PMC9938229
https://ui.adsabs.harvard.edu/abs/2023NatCo..14..912B
https://doi.org/10.1038%2Fs41467-023-36493-1
https://search.worldcat.org/issn/2041-1723
https://www.ncbi.nlm.nih.gov/pmc/articles/PMC9938229
https://pubmed.ncbi.nlm.nih.gov/36805650
https://economictimes.indiatimes.com/industry/telecom/telecom-news/indias-first-quantum-computing-based-telecom-network-link-now-operational-ashwini-vaishnaw/articleshow/99026697.cms
https://www.nytimes.com/2023/06/14/science/ibm-quantum-computing.html
https://archive.today/20230614151835/https://www.nytimes.com/2023/06/14/science/ibm-quantum-computing.html
https://www.ncbi.nlm.nih.gov/pmc/articles/PMC10266970
https://ui.adsabs.harvard.edu/abs/2023Natur.618..500K
https://doi.org/10.1038%2Fs41586-023-06096-3
https://www.ncbi.nlm.nih.gov/pmc/articles/PMC10266970
https://pubmed.ncbi.nlm.nih.gov/37316724
https://techcrunch.com/2023/06/21/microsoft-expects-to-build-a-quantum-supercomputer-within-10-years/?guccounter=1&guce_referrer=aHR0cHM6Ly9lZGdlOS5od3VwZ3JhZGUuaXQv&guce_referrer_sig=AQAAACXAB0qvUPp2WTkuGfdLz7J6WL84C0dFSnA7-JlfcbG-NlUc5Wr_rDCfeBFqRnEGLozBpwYqrxqWUim6CgPzx5HnmrvLTOgBuO9C3fptgIUZ2JvHF1205F6FgMmcC-qSSHXDFx_aNts3TXoSyHy7ovW9ixtgT47y8ID7RHz8bMUj
https://www.ncbi.nlm.nih.gov/pmc/articles/PMC10830422
https://arxiv.org/abs/2312.03982
https://ui.adsabs.harvard.edu/abs/2024Natur.626...58B
https://doi.org/10.1038%2Fs41586-023-06927-3
https://www.ncbi.nlm.nih.gov/pmc/articles/PMC10830422
https://pubmed.ncbi.nlm.nih.gov/38056497
https://opg.optica.org/optica/abstract.cfm?URI=optica-11-2-222
https://arxiv.org/abs/2310.09191
https://ui.adsabs.harvard.edu/abs/2024Optic..11..222P
https://doi.org/10.1364%2FOPTICA.513551
https://atom-computing.com/quantum-startup-atom-computing-first-to-exceed-1000-qubits/
https://www.hpcwire.com/2023/10/24/atom-computing-wins-the-race-to-1000-qubits/
https://www.forbes.com/sites/stevemcdowell/2023/12/05/ibm-advances-quantum-computing-with-new-processors--platforms/
https://www.ibm.com/quantum/blog/quantum-roadmap-2033
https://research.ibm.com/blog/ibm-quantum-roadmap
https://www.ncbi.nlm.nih.gov/pmc/articles/PMC10830422
https://arxiv.org/abs/2312.03982
https://ui.adsabs.harvard.edu/abs/2024Natur.626...58B
https://doi.org/10.1038%2Fs41586-023-06927-3
https://www.ncbi.nlm.nih.gov/pmc/articles/PMC10830422
https://pubmed.ncbi.nlm.nih.gov/38056497
https://www.unsw.edu.au/research/fqt/our-research/high-dimensional-nuclear-spins-in-silicon1
https://arxiv.org/abs/2405.15494
https://ui.adsabs.harvard.edu/abs/2025NatPh..21..362Y
https://doi.org/10.1038%2Fs41567-024-02745-0
https://www.ncbi.nlm.nih.gov/pmc/articles/PMC11258329
https://arxiv.org/abs/2306.07453
https://ui.adsabs.harvard.edu/abs/2024NatCo..15.1380F
https://doi.org/10.1038%2Fs41467-024-45368-y
https://www.ncbi.nlm.nih.gov/pmc/articles/PMC11258329
https://pubmed.ncbi.nlm.nih.gov/38355747
https://www.ncbi.nlm.nih.gov/pmc/articles/PMC11475292
https://arxiv.org/abs/2311.05752
https://ui.adsabs.harvard.edu/abs/2024AdM....3612282S
https://doi.org/10.1002%2Fadma.202312282
https://www.ncbi.nlm.nih.gov/pmc/articles/PMC11475292
https://pubmed.ncbi.nlm.nih.gov/38380859
https://arxiv.org/abs/2402.16224
https://ui.adsabs.harvard.edu/abs/2025Natur.639...54R
https://doi.org/10.1038%2Fs41586-024-08537-z
https://pubmed.ncbi.nlm.nih.gov/40011776
https://www.ncbi.nlm.nih.gov/pmc/articles/PMC11893805
https://ui.adsabs.harvard.edu/abs/2025NatCo..16.1954B
https://doi.org/10.1038%2Fs41467-025-56830-w
https://www.ncbi.nlm.nih.gov/pmc/articles/PMC11893805
https://pubmed.ncbi.nlm.nih.gov/40064847
https://www.ncbi.nlm.nih.gov/pmc/articles/PMC11062914
https://arxiv.org/abs/2307.04812
https://ui.adsabs.harvard.edu/abs/2024Natur.629...80N
https://doi.org/10.1038%2Fs41586-024-07275-6
https://search.worldcat.org/issn/1476-4687
https://www.ncbi.nlm.nih.gov/pmc/articles/PMC11062914
https://pubmed.ncbi.nlm.nih.gov/38693414
https://www.ncbi.nlm.nih.gov/pmc/articles/PMC11344585
https://arxiv.org/abs/2307.06617
https://ui.adsabs.harvard.edu/abs/2024Natur.629..778R
https://doi.org/10.1038%2Fs41586-024-07382-4
https://search.worldcat.org/issn/0028-0836
https://www.ncbi.nlm.nih.gov/pmc/articles/PMC11344585
https://pubmed.ncbi.nlm.nih.gov/38867127
https://www.techtarget.com/searchdatacenter/feature/Companies-building-quantum-computers
https://www.azoquantum.com/News.aspx?newsID=10273
https://www.ncbi.nlm.nih.gov/pmc/articles/PMC11096110
https://arxiv.org/abs/2403.11950
https://ui.adsabs.harvard.edu/abs/2024Natur.629..567T
https://doi.org/10.1038%2Fs41586-024-07357-5
https://search.worldcat.org/issn/0028-0836
https://www.ncbi.nlm.nih.gov/pmc/articles/PMC11096110
https://pubmed.ncbi.nlm.nih.gov/38720079
https://www.ncbi.nlm.nih.gov/pmc/articles/PMC11798852
https://arxiv.org/abs/2405.17385
https://ui.adsabs.harvard.edu/abs/2025Natur.638...79A
https://doi.org/10.1038%2Fs41586-024-08460-3
https://www.ncbi.nlm.nih.gov/pmc/articles/PMC11798852
https://pubmed.ncbi.nlm.nih.gov/39910386
https://quantumcomputingreport.com/photonic-inc-demonstrates-distributed-entanglement-between-two-modules-separated-by-40-meters-of-fiber/
https://www.ncbi.nlm.nih.gov/pmc/articles/PMC11821536
https://arxiv.org/abs/2407.00835
https://ui.adsabs.harvard.edu/abs/2025Natur.638..383M
https://doi.org/10.1038%2Fs41586-024-08404-x
https://www.ncbi.nlm.nih.gov/pmc/articles/PMC11821536
https://pubmed.ncbi.nlm.nih.gov/39910308
https://arxiv.org/abs/2407.18224
https://ui.adsabs.harvard.edu/abs/2025Natur.637..327Z
https://doi.org/10.1038%2Fs41586-024-08274-3
https://pubmed.ncbi.nlm.nih.gov/39780005
https://arxiv.org/abs/2404.10738
https://ui.adsabs.harvard.edu/abs/2024Optic..11.1700T
https://doi.org/10.1364%2FOPTICA.540362
https://www.ncbi.nlm.nih.gov/pmc/articles/PMC12048352
https://arxiv.org/abs/2408.10045
https://ui.adsabs.harvard.edu/abs/2025NatMa..24..722Z
https://doi.org/10.1038%2Fs41563-025-02166-1
https://www.ncbi.nlm.nih.gov/pmc/articles/PMC12048352
https://pubmed.ncbi.nlm.nih.gov/40087538
https://arxiv.org/abs/2408.01259
https://ui.adsabs.harvard.edu/abs/2024RPPh...87l0501H
https://doi.org/10.1088%2F1361-6633%2Fad910b
https://pubmed.ncbi.nlm.nih.gov/39527914
https://www.ncbi.nlm.nih.gov/pmc/articles/PMC11864966
https://arxiv.org/abs/2408.13687
https://doi.org/10.1038%2Fs41586-024-08449-y
https://www.ncbi.nlm.nih.gov/pmc/articles/PMC11864966
https://pubmed.ncbi.nlm.nih.gov/39653125
https://www.cnbc.com/2024/12/10/alphabet-shares-jump-5percent-after-google-touts-breakthrough-quantum-chip-.html
https://scitechdaily.com/quantum-networking-breakthrough-as-entangled-photons-transmit-without-interruption-for-30-hours/
https://archive.today/20250213090157/https://scitechdaily.com/quantum-networking-breakthrough-as-entangled-photons-transmit-without-interruption-for-30-hours/
https://arxiv.org/abs/2411.15135
https://ui.adsabs.harvard.edu/abs/2024OExpr..3247589C
https://doi.org/10.1364%2FOE.543704
https://www.ncbi.nlm.nih.gov/pmc/articles/PMC11741134
https://arxiv.org/abs/2410.16583
https://ui.adsabs.harvard.edu/abs/2025NanoL..25..793G
https://doi.org/10.1021%2Facs.nanolett.4c05205
https://search.worldcat.org/issn/1530-6984
https://www.ncbi.nlm.nih.gov/pmc/articles/PMC11741134
https://pubmed.ncbi.nlm.nih.gov/39721970
https://www.ncbi.nlm.nih.gov/pmc/articles/PMC9519456
https://arxiv.org/abs/2202.09252
https://ui.adsabs.harvard.edu/abs/2022Natur.609..919P
https://doi.org/10.1038%2Fs41586-022-05117-x
https://search.worldcat.org/issn/1476-4687
https://www.ncbi.nlm.nih.gov/pmc/articles/PMC9519456
https://pubmed.ncbi.nlm.nih.gov/36171383
https://arxiv.org/abs/2404.18387
https://ui.adsabs.harvard.edu/abs/2025PhRvB.111c5112N
https://doi.org/10.1103%2FPhysRevB.111.035112
https://arxiv.org/abs/2402.10833
https://ui.adsabs.harvard.edu/abs/2025PhRvL.134f0602B
https://doi.org/10.1103%2FPhysRevLett.134.060602
https://pubmed.ncbi.nlm.nih.gov/40021142
https://doi.org/10.5169%2Fseals-110177
https://doi.org/10.5169%2Fseals-110177
https://archive.org/details/nasa_techdoc_19720003957
https://arxiv.org/abs/2203.16348
https://ui.adsabs.harvard.edu/abs/2023PhR...995....1I
https://doi.org/10.1016%2Fj.physrep.2022.10.002
https://ui.adsabs.harvard.edu/abs/1932RSPSA.137..696Z
https://doi.org/10.1098%2Frspa.1932.0165
https://doi.org/10.1088%2F2043-6262%2F1%2F3%2F035008
https://ui.adsabs.harvard.edu/abs/2010ANSNN...1c5008N
https://doi.org/10.1088%2F2043-6262%2F1%2F3%2F035008
https://www.forbes.com/sites/johnkoetsier/2025/02/19/massive-microsoft-quantum-computer-breakthrough-uses-new-state-of-matter/
https://www.amazon.science/blog/amazon-announces-ocelot-quantum-chip
https://www.ncbi.nlm.nih.gov/pmc/articles/PMC11864976
https://arxiv.org/abs/2409.13025
https://ui.adsabs.harvard.edu/abs/2025Natur.638..927P
https://doi.org/10.1038%2Fs41586-025-08642-7
https://search.worldcat.org/issn/1476-4687
https://www.ncbi.nlm.nih.gov/pmc/articles/PMC11864976
https://pubmed.ncbi.nlm.nih.gov/40011723
https://www.ncbi.nlm.nih.gov/pmc/articles/PMC11981928
https://arxiv.org/abs/2503.20498
https://ui.adsabs.harvard.edu/abs/2025Natur.640..343L
https://doi.org/10.1038%2Fs41586-025-08737-1
https://search.worldcat.org/issn/1476-4687
https://www.ncbi.nlm.nih.gov/pmc/articles/PMC11981928
https://pubmed.ncbi.nlm.nih.gov/40140579
https://pradeepniroula.com/certified-randomness/
https://en.wikipedia.org/w/index.php?title=Timeline_of_quantum_computing_and_communication&oldid=1331417739
https://foundation.wikimedia.org/wiki/Special:MyLanguage/Policy:Terms_of_Use
https://foundation.wikimedia.org/wiki/Special:MyLanguage/Policy:Privacy_policy
https://wikimediafoundation.org/
https://foundation.wikimedia.org/wiki/Special:MyLanguage/Policy:Privacy_policy
https://foundation.wikimedia.org/wiki/Special:MyLanguage/Legal:Wikimedia_Foundation_Legal_and_Safety_Contact_Information
https://foundation.wikimedia.org/wiki/Special:MyLanguage/Policy:Universal_Code_of_Conduct
https://developer.wikimedia.org
https://stats.wikimedia.org/#/en.wikipedia.org
https://foundation.wikimedia.org/wiki/Special:MyLanguage/Policy:Cookie_statement
https://www.wikimedia.org/
https://www.mediawiki.org/
